\BOOKMARK [0][]{chapter*.1}{\376\377\000A\000b\000s\000t\000r\000a\000c\000t}{}% 1
\BOOKMARK [0][]{chapter.1}{\376\377\000I\000n\000t\000r\000o\000d\000u\000c\000t\000i\000o\000n}{}% 2
\BOOKMARK [1][]{section.1.1}{\376\377\000P\000r\000o\000b\000l\000e\000m\000\040\000a\000n\000d\000\040\000m\000o\000t\000i\000v\000a\000t\000i\000o\000n}{chapter.1}% 3
\BOOKMARK [1][]{section.1.2}{\376\377\000R\000e\000s\000e\000a\000r\000c\000h\000\040\000q\000u\000e\000s\000t\000i\000o\000n\000\040\000a\000n\000d\000\040\000o\000b\000j\000e\000c\000t\000i\000v\000e\000s}{chapter.1}% 4
\BOOKMARK [1][]{section.1.3}{\376\377\000S\000t\000r\000u\000c\000t\000u\000r\000e\000\040\000o\000f\000\040\000t\000h\000e\000\040\000t\000h\000e\000s\000i\000s}{chapter.1}% 5
\BOOKMARK [0][]{chapter.2}{\376\377\000L\000i\000t\000e\000r\000a\000t\000u\000r\000e\000\040\000r\000e\000v\000i\000e\000w\000\040\000a\000n\000d\000\040\000t\000h\000e\000o\000r\000e\000t\000i\000c\000a\000l\000\040\000f\000r\000a\000m\000e\000w\000o\000r\000k}{}% 6
\BOOKMARK [1][]{section.2.1}{\376\377\000P\000u\000b\000l\000i\000c\000\040\000t\000r\000a\000n\000s\000p\000o\000r\000t\000\040\000a\000s\000\040\000a\000\040\000n\000e\000t\000w\000o\000r\000k\000e\000d\000\040\000s\000p\000a\000t\000i\000a\000l\000\040\000s\000y\000s\000t\000e\000m}{chapter.2}% 7
\BOOKMARK [1][]{section.2.2}{\376\377\000H\000o\000w\000\040\000n\000e\000t\000w\000o\000r\000k\000\040\000a\000n\000a\000l\000y\000s\000i\000s\000\040\000i\000s\000\040\000a\000p\000p\000l\000i\000e\000d\000\040\000i\000n\000\040\000p\000u\000b\000l\000i\000c\000\040\000t\000r\000a\000n\000s\000p\000o\000r\000t\000\040\000r\000e\000s\000e\000a\000r\000c\000h}{chapter.2}% 8
\BOOKMARK [1][]{section.2.3}{\376\377\000N\000e\000t\000w\000o\000r\000k\000\040\000s\000t\000r\000u\000c\000t\000u\000r\000e\000,\000\040\000h\000u\000b\000s\000,\000\040\000a\000n\000d\000\040\000c\000e\000n\000t\000r\000a\000l\000i\000t\000y}{chapter.2}% 9
\BOOKMARK [1][]{section.2.4}{\376\377\000B\000o\000t\000t\000l\000e\000n\000e\000c\000k\000s\000,\000\040\000c\000o\000n\000s\000t\000r\000a\000i\000n\000t\000s\000,\000\040\000a\000n\000d\000\040\000r\000o\000b\000u\000s\000t\000n\000e\000s\000s}{chapter.2}% 10
\BOOKMARK [1][]{section.2.5}{\376\377\000E\000f\000f\000i\000c\000i\000e\000n\000c\000y\000\040\000a\000n\000d\000\040\000t\000r\000a\000n\000s\000f\000e\000r\000-\000f\000r\000e\000e\000\040\000c\000o\000n\000n\000e\000c\000t\000i\000v\000i\000t\000y}{chapter.2}% 11
\BOOKMARK [1][]{section.2.6}{\376\377\000T\000h\000e\000\040\000r\000e\000l\000e\000v\000a\000n\000c\000e\000\040\000o\000f\000\040\000s\000m\000a\000l\000l\000\040\000a\000n\000d\000\040\000m\000e\000d\000i\000u\000m\000-\000s\000i\000z\000e\000d\000\040\000c\000i\000t\000y\000\040\000c\000o\000n\000t\000e\000x\000t\000s}{chapter.2}% 12
\BOOKMARK [1][]{section.2.7}{\376\377\000R\000e\000s\000e\000a\000r\000c\000h\000\040\000g\000a\000p\000,\000\040\000c\000o\000n\000t\000r\000i\000b\000u\000t\000i\000o\000n\000,\000\040\000a\000n\000d\000\040\000a\000n\000a\000l\000y\000t\000i\000c\000a\000l\000\040\000e\000x\000p\000e\000c\000t\000a\000t\000i\000o\000n\000s}{chapter.2}% 13
\BOOKMARK [0][]{chapter.3}{\376\377\000D\000a\000t\000a\000\040\000a\000n\000d\000\040\000o\000p\000e\000r\000a\000t\000i\000o\000n\000a\000l\000i\000s\000a\000t\000i\000o\000n}{}% 14
\BOOKMARK [1][]{section.3.1}{\376\377\000C\000a\000s\000e\000\040\000a\000n\000d\000\040\000s\000c\000o\000p\000e\000\040\000o\000f\000\040\000t\000h\000e\000\040\000n\000e\000t\000w\000o\000r\000k}{chapter.3}% 15
\BOOKMARK [1][]{section.3.2}{\376\377\000D\000a\000t\000a\000\040\000s\000o\000u\000r\000c\000e\000s\000\040\000a\000n\000d\000\040\000d\000i\000g\000i\000t\000i\000s\000a\000t\000i\000o\000n}{chapter.3}% 16
\BOOKMARK [1][]{section.3.3}{\376\377\000H\000a\000r\000m\000o\000n\000i\000s\000i\000n\000g\000\040\000s\000t\000o\000p\000\040\000n\000a\000m\000e\000s\000\040\000a\000n\000d\000\040\000e\000n\000s\000u\000r\000i\000n\000g\000\040\000c\000o\000m\000p\000a\000r\000a\000b\000i\000l\000i\000t\000y}{chapter.3}% 17
\BOOKMARK [1][]{section.3.4}{\376\377\000C\000o\000n\000s\000t\000r\000u\000c\000t\000i\000n\000g\000\040\000t\000h\000e\000\040\000t\000r\000a\000n\000s\000f\000e\000r\000-\000f\000r\000e\000e\000\040\000c\000o\000n\000n\000e\000c\000t\000i\000v\000i\000t\000y\000\040\000n\000e\000t\000w\000o\000r\000k}{chapter.3}% 18
\BOOKMARK [2][]{subsection.3.4.1}{\376\377\000N\000o\000d\000e\000\040\000d\000e\000f\000i\000n\000i\000t\000i\000o\000n}{section.3.4}% 19
\BOOKMARK [2][]{subsection.3.4.2}{\376\377\000D\000e\000f\000i\000n\000i\000n\000g\000\040\000a\000\040\000c\000o\000n\000n\000e\000c\000t\000i\000o\000n\000\040\000w\000i\000t\000h\000o\000u\000t\000\040\000t\000r\000a\000n\000s\000f\000e\000r\000s}{section.3.4}% 20
\BOOKMARK [2][]{subsection.3.4.3}{\376\377\000F\000r\000o\000m\000\040\000s\000t\000o\000p\000\040\000s\000e\000q\000u\000e\000n\000c\000e\000s\000\040\000t\000o\000\040\000a\000n\000\040\000a\000d\000j\000a\000c\000e\000n\000c\000y\000\040\000m\000a\000t\000r\000i\000x}{section.3.4}% 21
\BOOKMARK [1][]{section.3.5}{\376\377\000V\000a\000r\000i\000a\000b\000l\000e\000s\000\040\000a\000n\000d\000\040\000o\000u\000t\000c\000o\000m\000e\000s}{chapter.3}% 22
\BOOKMARK [1][]{section.3.6}{\376\377\000S\000u\000m\000m\000a\000r\000y\000\040\000o\000f\000\040\000t\000h\000e\000\040\000a\000n\000a\000l\000y\000t\000i\000c\000\040\000d\000a\000t\000a\000s\000e\000t\000s}{chapter.3}% 23
\BOOKMARK [0][]{chapter.4}{\376\377\000M\000e\000t\000h\000o\000d\000s}{}% 24
\BOOKMARK [1][]{section.4.1}{\376\377\000A\000n\000a\000l\000y\000t\000i\000c\000a\000l\000\040\000a\000p\000p\000r\000o\000a\000c\000h\000\040\000a\000n\000d\000\040\000s\000o\000f\000t\000w\000a\000r\000e}{chapter.4}% 25
\BOOKMARK [1][]{section.4.2}{\376\377\000P\000r\000e\000p\000r\000o\000c\000e\000s\000s\000i\000n\000g\000,\000\040\000s\000c\000o\000p\000e\000\040\000f\000i\000l\000t\000e\000r\000s\000,\000\040\000a\000n\000d\000\040\000d\000a\000t\000a\000\040\000v\000a\000l\000i\000d\000a\000t\000i\000o\000n}{chapter.4}% 26
\BOOKMARK [2][]{subsection.4.2.1}{\376\377\000S\000c\000o\000p\000e\000\040\000f\000i\000l\000t\000e\000r\000s}{section.4.2}% 27
\BOOKMARK [2][]{subsection.4.2.2}{\376\377\000H\000a\000r\000m\000o\000n\000i\000s\000i\000n\000g\000\040\000s\000t\000o\000p\000\040\000n\000a\000m\000e\000s}{section.4.2}% 28
\BOOKMARK [2][]{subsection.4.2.3}{\376\377\000B\000a\000s\000i\000c\000\040\000p\000l\000a\000u\000s\000i\000b\000i\000l\000i\000t\000y\000\040\000c\000h\000e\000c\000k\000s}{section.4.2}% 29
\BOOKMARK [1][]{section.4.3}{\376\377\000N\000e\000t\000w\000o\000r\000k\000\040\000c\000o\000n\000s\000t\000r\000u\000c\000t\000i\000o\000n}{chapter.4}% 30
\BOOKMARK [2][]{subsection.4.3.1}{\376\377\000N\000o\000d\000e\000s}{section.4.3}% 31
\BOOKMARK [2][]{subsection.4.3.2}{\376\377\000D\000e\000f\000i\000n\000i\000n\000g\000\040\000t\000r\000a\000n\000s\000f\000e\000r\000-\000f\000r\000e\000e\000\040\000c\000o\000n\000n\000e\000c\000t\000i\000v\000i\000t\000y}{section.4.3}% 32
\BOOKMARK [2][]{subsection.4.3.3}{\376\377\000A\000d\000j\000a\000c\000e\000n\000c\000y\000\040\000m\000a\000t\000r\000i\000x\000\040\000c\000o\000n\000s\000t\000r\000u\000c\000t\000i\000o\000n}{section.4.3}% 33
\BOOKMARK [1][]{section.4.4}{\376\377\000N\000e\000t\000w\000o\000r\000k\000\040\000m\000e\000a\000s\000u\000r\000e\000s\000\040\000a\000n\000d\000\040\000o\000p\000e\000r\000a\000t\000i\000o\000n\000a\000l\000i\000s\000a\000t\000i\000o\000n}{chapter.4}% 34
\BOOKMARK [2][]{subsection.4.4.1}{\376\377\000P\000a\000i\000r\000-\000l\000e\000v\000e\000l\000\040\000c\000o\000n\000n\000e\000c\000t\000i\000v\000i\000t\000y\000\040\000o\000u\000t\000c\000o\000m\000e\000s}{section.4.4}% 35
\BOOKMARK [2][]{subsection.4.4.2}{\376\377\000N\000o\000d\000e\000-\000l\000e\000v\000e\000l\000\040\000m\000e\000a\000s\000u\000r\000e\000s\000\040\000f\000o\000r\000\040\000h\000u\000b\000s\000\040\000a\000n\000d\000\040\000b\000o\000t\000t\000l\000e\000n\000e\000c\000k\000s}{section.4.4}% 36
\BOOKMARK [2][]{subsection.4.4.3}{\376\377\000G\000l\000o\000b\000a\000l\000\040\000m\000e\000a\000s\000u\000r\000e\000s\000\040\000o\000f\000\040\000c\000o\000n\000n\000e\000c\000t\000i\000v\000i\000t\000y\000\040\000a\000n\000d\000\040\000c\000l\000u\000s\000t\000e\000r\000i\000n\000g}{section.4.4}% 37
\BOOKMARK [2][]{subsection.4.4.4}{\376\377\000P\000e\000r\000m\000u\000t\000a\000t\000i\000o\000n\000-\000b\000a\000s\000e\000d\000\040\000i\000n\000f\000e\000r\000e\000n\000c\000e\000\040\000f\000o\000r\000\040\000c\000e\000n\000t\000r\000a\000l\000i\000t\000y\000\040\000r\000e\000l\000a\000t\000i\000o\000n\000s\000h\000i\000p\000s}{section.4.4}% 38
\BOOKMARK [1][]{section.4.5}{\376\377\000C\000o\000m\000p\000a\000r\000a\000t\000i\000v\000e\000\040\000s\000t\000r\000a\000t\000e\000g\000y\000\040\000a\000n\000d\000\040\000w\000i\000n\000n\000e\000r\000s\000-\000a\000n\000d\000-\000l\000o\000s\000e\000r\000s\000\040\000a\000n\000a\000l\000y\000s\000i\000s}{chapter.4}% 39
\BOOKMARK [1][]{section.4.6}{\376\377\000R\000o\000b\000u\000s\000t\000n\000e\000s\000s\000\040\000a\000n\000a\000l\000y\000s\000i\000s\000\040\000\050\000n\000o\000d\000e\000-\000r\000e\000m\000o\000v\000a\000l\000\040\000s\000i\000m\000u\000l\000a\000t\000i\000o\000n\000s\000\051}{chapter.4}% 40
\BOOKMARK [0][]{chapter.5}{\376\377\000R\000e\000s\000u\000l\000t\000s}{}% 41
\BOOKMARK [1][]{section.5.1}{\376\377\000N\000e\000t\000w\000o\000r\000k\000\040\000o\000v\000e\000r\000v\000i\000e\000w\000\040\000i\000n\000\040\0002\0000\0001\0009\000\040\000a\000n\000d\000\040\0002\0000\0002\0005}{chapter.5}% 42
\BOOKMARK [1][]{section.5.2}{\376\377\000H\000u\000b\000s\000\040\000a\000n\000d\000\040\000b\000o\000t\000t\000l\000e\000n\000e\000c\000k\000s}{chapter.5}% 43
\BOOKMARK [1][]{section.5.3}{\376\377\000C\000h\000a\000n\000g\000e\000s\000\040\000i\000n\000\040\000t\000r\000a\000n\000s\000f\000e\000r\000-\000f\000r\000e\000e\000\040\000c\000o\000n\000n\000e\000c\000t\000i\000v\000i\000t\000y\000\040\000b\000e\000t\000w\000e\000e\000n\000\040\0002\0000\0001\0009\000\040\000a\000n\000d\000\040\0002\0000\0002\0005}{chapter.5}% 44
\BOOKMARK [1][]{section.5.4}{\376\377\000W\000i\000n\000n\000e\000r\000s\000\040\000a\000n\000d\000\040\000l\000o\000s\000e\000r\000s\000\040\000a\000t\000\040\000t\000h\000e\000\040\000s\000t\000o\000p\000\040\000l\000e\000v\000e\000l}{chapter.5}% 45
\BOOKMARK [1][]{section.5.5}{\376\377\000R\000o\000b\000u\000s\000t\000n\000e\000s\000s\000\040\000a\000n\000a\000l\000y\000s\000i\000s}{chapter.5}% 46
\BOOKMARK [1][]{section.5.6}{\376\377\000S\000t\000o\000p\000\040\000a\000d\000d\000i\000t\000i\000o\000n\000s\000\040\000a\000n\000d\000\040\000r\000e\000m\000o\000v\000a\000l\000s}{chapter.5}% 47
\BOOKMARK [1][]{section.5.7}{\376\377\000S\000u\000m\000m\000a\000r\000y\000\040\000o\000f\000\040\000m\000a\000i\000n\000\040\000f\000i\000n\000d\000i\000n\000g\000s}{chapter.5}% 48
\BOOKMARK [0][]{chapter.6}{\376\377\000D\000i\000s\000c\000u\000s\000s\000i\000o\000n}{}% 49
\BOOKMARK [1][]{section.6.1}{\376\377\000I\000n\000t\000e\000r\000p\000r\000e\000t\000i\000n\000g\000\040\000t\000h\000e\000\040\000s\000t\000r\000u\000c\000t\000u\000r\000a\000l\000\040\000c\000h\000a\000n\000g\000e\000\040\000f\000r\000o\000m\000\040\0002\0000\0001\0009\000\040\000t\000o\000\040\0002\0000\0002\0005}{chapter.6}% 50
\BOOKMARK [1][]{section.6.2}{\376\377\000H\000u\000b\000s\000,\000\040\000b\000o\000t\000t\000l\000e\000n\000e\000c\000k\000s\000,\000\040\000a\000n\000d\000\040\000w\000h\000a\000t\000\040\000t\000h\000e\000y\000\040\000m\000e\000a\000n\000\040\000i\000n\000\040\000a\000\040\000t\000r\000a\000n\000s\000f\000e\000r\000-\000b\000a\000s\000e\000d\000\040\000r\000e\000p\000r\000e\000s\000e\000n\000t\000a\000t\000i\000o\000n}{chapter.6}% 51
\BOOKMARK [1][]{section.6.3}{\376\377\000P\000r\000a\000c\000t\000i\000c\000a\000l\000\040\000i\000m\000p\000l\000i\000c\000a\000t\000i\000o\000n\000s\000\040\000a\000n\000d\000\040\000t\000r\000a\000d\000e\000-\000o\000f\000f\000s}{chapter.6}% 52
\BOOKMARK [1][]{section.6.4}{\376\377\000L\000i\000m\000i\000t\000a\000t\000i\000o\000n\000s}{chapter.6}% 53
\BOOKMARK [1][]{section.6.5}{\376\377\000I\000m\000p\000l\000i\000c\000a\000t\000i\000o\000n\000s\000\040\000f\000o\000r\000\040\000f\000u\000t\000u\000r\000e\000\040\000r\000e\000s\000e\000a\000r\000c\000h}{chapter.6}% 54
\BOOKMARK [0][]{chapter.7}{\376\377\000C\000o\000n\000c\000l\000u\000s\000i\000o\000n\000\040\000a\000n\000d\000\040\000o\000u\000t\000l\000o\000o\000k}{}% 55
\BOOKMARK [1][]{section.7.1}{\376\377\000A\000n\000s\000w\000e\000r\000i\000n\000g\000\040\000t\000h\000e\000\040\000r\000e\000s\000e\000a\000r\000c\000h\000\040\000q\000u\000e\000s\000t\000i\000o\000n}{chapter.7}% 56
\BOOKMARK [1][]{section.7.2}{\376\377\000O\000u\000t\000l\000o\000o\000k}{chapter.7}% 57
\BOOKMARK [0][]{chapter*.4}{\376\377\000A\000I\000\040\000t\000o\000o\000l\000\040\000u\000s\000e\000\040\000s\000t\000a\000t\000e\000m\000e\000n\000t}{}% 58
\BOOKMARK [0][]{chapter*.6}{\376\377\000E\000i\000g\000e\000n\000s\000t\000\344\000n\000d\000i\000g\000k\000e\000i\000t\000s\000e\000r\000k\000l\000\344\000r\000u\000n\000g}{}% 59
